<?xml version="1.0" encoding="UTF-8"?>
<!-- Generated by org.testng.reporters.JUnitReportReporter -->
<testsuite hostname="DVYAS" failures="0" tests="3" name="package1.RestAssured.LibraryAPI" time="6.091" errors="0" timestamp="2024-01-26T16:13:01 EST" skipped="0">
  <testcase classname="package1.RestAssured.LibraryAPI" name="addBook" time="1.134"/>
  <system-out/>
  <testcase classname="package1.RestAssured.LibraryAPI" name="addBook" time="3.842"/>
  <system-out/>
  <testcase classname="package1.RestAssured.LibraryAPI" name="addBook" time="1.115"/>
  <system-out/>
</testsuite> <!-- package1.RestAssured.LibraryAPI -->
